2026-01-20 01:28:46,514 - Main - WARNING - Modo MOCK habilitado: Ejecutando sin credenciales reales.
2026-01-20 01:28:46,515 - notifier_whatsapp - WARNING - Credenciales de Twilio no configuradas completamente en .env
2026-01-20 01:28:46,515 - Main - INFO -  Iniciando ejecución del Monitor de Vuelos...
2026-01-20 01:28:46,515 - amadeus_client - INFO - Retornando aeropuertos MOCK...
2026-01-20 01:28:46,515 - amadeus_client - INFO - Generando ofertas MOCK...
2026-01-20 01:28:46,516 - Main - INFO - Guardando 4 muestras de precio base (mínimos).
2026-01-20 01:28:46,537 - Main - INFO - Evaluando ofertas...
2026-01-20 01:28:46,542 - Main - INFO - Ejecución finalizada. Notificaciones enviadas: 0
2026-01-20 01:29:40,010 - Main - WARNING - Modo MOCK habilitado: Ejecutando sin credenciales reales.
2026-01-20 01:29:40,011 - notifier_whatsapp - WARNING - Credenciales de Twilio no configuradas completamente en .env
2026-01-20 01:29:40,011 - Main - INFO -  Iniciando ejecución del Monitor de Vuelos...
2026-01-20 01:29:40,011 - amadeus_client - INFO - Retornando aeropuertos MOCK...
2026-01-20 01:29:40,011 - amadeus_client - INFO - Generando ofertas MOCK...
2026-01-20 01:29:40,011 - Main - INFO - Guardando 5 muestras de precio base (mínimos).
2026-01-20 01:29:40,033 - Main - INFO - Evaluando ofertas...
2026-01-20 01:29:40,036 - Main - INFO - !!! DEAL ENCONTRADO !!! KIX por 15823.0 (Conf: COLD_START)
2026-01-20 01:29:40,036 - notifier_whatsapp - ERROR - No se puede enviar alerta: Faltan credenciales Twilio.
2026-01-20 01:29:40,042 - Main - INFO - Ejecución finalizada. Notificaciones enviadas: 1
2026-01-20 01:30:10,328 - Main - WARNING - Modo MOCK habilitado: Ejecutando sin credenciales reales.
2026-01-20 01:30:10,328 - notifier_whatsapp - WARNING - Credenciales de Twilio no configuradas completamente en .env
2026-01-20 01:30:10,328 - Main - INFO -  Iniciando ejecución del Monitor de Vuelos...
2026-01-20 01:30:10,328 - amadeus_client - INFO - Retornando aeropuertos MOCK...
2026-01-20 01:30:10,328 - amadeus_client - INFO - Generando ofertas MOCK...
2026-01-20 01:30:10,329 - Main - INFO - Guardando 4 muestras de precio base (mínimos).
2026-01-20 01:30:10,346 - Main - INFO - Evaluando ofertas...
2026-01-20 01:30:10,348 - Main - INFO - Ejecución finalizada. Notificaciones enviadas: 0
2026-01-20 01:33:41,669 - Main - WARNING - Modo MOCK habilitado: Ejecutando sin credenciales reales.
2026-01-20 01:33:41,670 - Main - INFO -  Iniciando ejecución del Monitor de Vuelos...
2026-01-20 01:33:41,670 - amadeus_client - INFO - Retornando aeropuertos MOCK...
2026-01-20 01:33:41,670 - amadeus_client - INFO - Generando ofertas MOCK...
2026-01-20 01:33:41,670 - Main - INFO - Guardando 4 muestras de precio base (mínimos).
2026-01-20 01:33:41,685 - Main - INFO - Evaluando ofertas...
2026-01-20 01:33:41,688 - Main - INFO - !!! DEAL ENCONTRADO !!! HND por 15944.0 (Conf: COLD_START)
2026-01-20 01:33:41,688 - notifier_whatsapp - INFO -  [MOCK] Simulando envío de WhatsApp:
2026-01-20 01:33:41,698 - Main - INFO - Ejecución finalizada. Notificaciones enviadas: 1
2026-01-20 01:36:02,723 - Main - WARNING - Modo MOCK habilitado: Ejecutando sin credenciales reales.
2026-01-20 01:36:02,723 - Main - INFO -  Iniciando ejecución del Monitor de Vuelos...
2026-01-20 01:36:02,723 - amadeus_client - INFO - Retornando aeropuertos MOCK...
2026-01-20 01:36:02,724 - amadeus_client - INFO - Generando ofertas MOCK...
2026-01-20 01:36:02,724 - Main - INFO - Guardando 3 muestras de precio base (mínimos).
2026-01-20 01:36:02,777 - Main - INFO - Evaluando ofertas...
2026-01-20 01:36:02,781 - Main - INFO - Ejecución finalizada. Notificaciones enviadas: 0
